!SESSION 2018-06-01 20:21:41.543 -----------------------------------------------
eclipse.buildId=4.7.3.M20180330-0640
java.version=1.8.0_172
java.vendor=Oracle Corporation
BootLoader constants: OS=win32, ARCH=x86_64, WS=win32, NL=ru_RU
Framework arguments:  -product org.eclipse.platform.ide
Command-line arguments:  -product org.eclipse.platform.ide -data C:\Users\Gleb\Desktop\Eclipse Workspace/../runtime-EclipseApplication -dev file:C:/Users/Gleb/Desktop/Eclipse Workspace/.metadata/.plugins/org.eclipse.pde.core/Eclipse Application/dev.properties -os win32 -ws win32 -arch x86_64 -consoleLog

!ENTRY org.eclipse.equinox.simpleconfigurator 4 0 2018-06-01 20:21:42.636
!MESSAGE FrameworkEvent ERROR
!STACK 0
org.osgi.framework.BundleException: Exception in org.eclipse.equinox.internal.simpleconfigurator.Activator.start() of bundle org.eclipse.equinox.simpleconfigurator.
	at org.eclipse.osgi.internal.framework.BundleContextImpl.startActivator(BundleContextImpl.java:800)
	at org.eclipse.osgi.internal.framework.BundleContextImpl.start(BundleContextImpl.java:729)
	at org.eclipse.osgi.internal.framework.EquinoxBundle.startWorker0(EquinoxBundle.java:933)
	at org.eclipse.osgi.internal.framework.EquinoxBundle$EquinoxModule.startWorker(EquinoxBundle.java:309)
	at org.eclipse.osgi.container.Module.doStart(Module.java:581)
	at org.eclipse.osgi.container.Module.start(Module.java:449)
	at org.eclipse.osgi.container.ModuleContainer$ContainerStartLevel.incStartLevel(ModuleContainer.java:1634)
	at org.eclipse.osgi.container.ModuleContainer$ContainerStartLevel.incStartLevel(ModuleContainer.java:1614)
	at org.eclipse.osgi.container.ModuleContainer$ContainerStartLevel.doContainerStartLevel(ModuleContainer.java:1585)
	at org.eclipse.osgi.container.SystemModule.startWorker(SystemModule.java:264)
	at org.eclipse.osgi.container.Module.doStart(Module.java:581)
	at org.eclipse.osgi.container.Module.start(Module.java:449)
	at org.eclipse.osgi.container.SystemModule.start(SystemModule.java:188)
	at org.eclipse.osgi.internal.framework.EquinoxBundle.start(EquinoxBundle.java:383)
	at org.eclipse.osgi.internal.framework.EquinoxBundle.start(EquinoxBundle.java:402)
	at org.eclipse.osgi.launch.Equinox.start(Equinox.java:115)
	at org.eclipse.core.runtime.adaptor.EclipseStarter.startup(EclipseStarter.java:326)
	at org.eclipse.core.runtime.adaptor.EclipseStarter.run(EclipseStarter.java:239)
	at sun.reflect.NativeMethodAccessorImpl.invoke0(Native Method)
	at sun.reflect.NativeMethodAccessorImpl.invoke(Unknown Source)
	at sun.reflect.DelegatingMethodAccessorImpl.invoke(Unknown Source)
	at java.lang.reflect.Method.invoke(Unknown Source)
	at org.eclipse.equinox.launcher.Main.invokeFramework(Main.java:653)
	at org.eclipse.equinox.launcher.Main.basicRun(Main.java:590)
	at org.eclipse.equinox.launcher.Main.run(Main.java:1499)
	at org.eclipse.equinox.launcher.Main.main(Main.java:1472)
Caused by: java.lang.IllegalArgumentException: Line does not contain at least 5 tokens: MyExampleProject,,file:/C:/Users/Gleb/Desktop/Eclipse%20Workspace/MyExampleProject/,4,false
	at org.eclipse.equinox.internal.simpleconfigurator.utils.SimpleConfiguratorUtils.parseBundleInfoLine(SimpleConfiguratorUtils.java:282)
	at org.eclipse.equinox.internal.simpleconfigurator.utils.SimpleConfiguratorUtils.readConfiguration(SimpleConfiguratorUtils.java:224)
	at org.eclipse.equinox.internal.simpleconfigurator.utils.SimpleConfiguratorUtils.readConfigurationFromFile(SimpleConfiguratorUtils.java:190)
	at org.eclipse.equinox.internal.simpleconfigurator.utils.SimpleConfiguratorUtils.readConfiguration(SimpleConfiguratorUtils.java:42)
	at org.eclipse.equinox.internal.simpleconfigurator.ConfigApplier.install(ConfigApplier.java:61)
	at org.eclipse.equinox.internal.simpleconfigurator.SimpleConfiguratorImpl.applyConfiguration(SimpleConfiguratorImpl.java:192)
	at org.eclipse.equinox.internal.simpleconfigurator.SimpleConfiguratorImpl.applyConfiguration(SimpleConfiguratorImpl.java:207)
	at org.eclipse.equinox.internal.simpleconfigurator.Activator.start(Activator.java:61)
	at org.eclipse.osgi.internal.framework.BundleContextImpl$3.run(BundleContextImpl.java:779)
	at org.eclipse.osgi.internal.framework.BundleContextImpl$3.run(BundleContextImpl.java:1)
	at java.security.AccessController.doPrivileged(Native Method)
	at org.eclipse.osgi.internal.framework.BundleContextImpl.startActivator(BundleContextImpl.java:772)
	... 25 more
Root exception:
java.lang.IllegalArgumentException: Line does not contain at least 5 tokens: MyExampleProject,,file:/C:/Users/Gleb/Desktop/Eclipse%20Workspace/MyExampleProject/,4,false
	at org.eclipse.equinox.internal.simpleconfigurator.utils.SimpleConfiguratorUtils.parseBundleInfoLine(SimpleConfiguratorUtils.java:282)
	at org.eclipse.equinox.internal.simpleconfigurator.utils.SimpleConfiguratorUtils.readConfiguration(SimpleConfiguratorUtils.java:224)
	at org.eclipse.equinox.internal.simpleconfigurator.utils.SimpleConfiguratorUtils.readConfigurationFromFile(SimpleConfiguratorUtils.java:190)
	at org.eclipse.equinox.internal.simpleconfigurator.utils.SimpleConfiguratorUtils.readConfiguration(SimpleConfiguratorUtils.java:42)
	at org.eclipse.equinox.internal.simpleconfigurator.ConfigApplier.install(ConfigApplier.java:61)
	at org.eclipse.equinox.internal.simpleconfigurator.SimpleConfiguratorImpl.applyConfiguration(SimpleConfiguratorImpl.java:192)
	at org.eclipse.equinox.internal.simpleconfigurator.SimpleConfiguratorImpl.applyConfiguration(SimpleConfiguratorImpl.java:207)
	at org.eclipse.equinox.internal.simpleconfigurator.Activator.start(Activator.java:61)
	at org.eclipse.osgi.internal.framework.BundleContextImpl$3.run(BundleContextImpl.java:779)
	at org.eclipse.osgi.internal.framework.BundleContextImpl$3.run(BundleContextImpl.java:1)
	at java.security.AccessController.doPrivileged(Native Method)
	at org.eclipse.osgi.internal.framework.BundleContextImpl.startActivator(BundleContextImpl.java:772)
	at org.eclipse.osgi.internal.framework.BundleContextImpl.start(BundleContextImpl.java:729)
	at org.eclipse.osgi.internal.framework.EquinoxBundle.startWorker0(EquinoxBundle.java:933)
	at org.eclipse.osgi.internal.framework.EquinoxBundle$EquinoxModule.startWorker(EquinoxBundle.java:309)
	at org.eclipse.osgi.container.Module.doStart(Module.java:581)
	at org.eclipse.osgi.container.Module.start(Module.java:449)
	at org.eclipse.osgi.container.ModuleContainer$ContainerStartLevel.incStartLevel(ModuleContainer.java:1634)
	at org.eclipse.osgi.container.ModuleContainer$ContainerStartLevel.incStartLevel(ModuleContainer.java:1614)
	at org.eclipse.osgi.container.ModuleContainer$ContainerStartLevel.doContainerStartLevel(ModuleContainer.java:1585)
	at org.eclipse.osgi.container.SystemModule.startWorker(SystemModule.java:264)
	at org.eclipse.osgi.container.Module.doStart(Module.java:581)
	at org.eclipse.osgi.container.Module.start(Module.java:449)
	at org.eclipse.osgi.container.SystemModule.start(SystemModule.java:188)
	at org.eclipse.osgi.internal.framework.EquinoxBundle.start(EquinoxBundle.java:383)
	at org.eclipse.osgi.internal.framework.EquinoxBundle.start(EquinoxBundle.java:402)
	at org.eclipse.osgi.launch.Equinox.start(Equinox.java:115)
	at org.eclipse.core.runtime.adaptor.EclipseStarter.startup(EclipseStarter.java:326)
	at org.eclipse.core.runtime.adaptor.EclipseStarter.run(EclipseStarter.java:239)
	at sun.reflect.NativeMethodAccessorImpl.invoke0(Native Method)
	at sun.reflect.NativeMethodAccessorImpl.invoke(Unknown Source)
	at sun.reflect.DelegatingMethodAccessorImpl.invoke(Unknown Source)
	at java.lang.reflect.Method.invoke(Unknown Source)
	at org.eclipse.equinox.launcher.Main.invokeFramework(Main.java:653)
	at org.eclipse.equinox.launcher.Main.basicRun(Main.java:590)
	at org.eclipse.equinox.launcher.Main.run(Main.java:1499)
	at org.eclipse.equinox.launcher.Main.main(Main.java:1472)
